    ======  ======
    Time:2018/07/23 08:13:30
    Title: Initiate log
    Message: 
    Time:2018/07/23 08:13:30
    Title: Initiate InternalManager
    Message: Trying to Validate License
    Time:2018/07/23 08:13:30
    Title: Requesting EVT
    Message: EVTP
    Time:2018/07/23 08:13:30
    Title: Requesting Validation
    Message: ILMValidate
    Time:2018/07/23 08:13:30
    Title: LICENSER
    Message: READ REGS START
    Time:2018/07/23 08:13:30
    Title: LICENSER
    Message: FNF
    Time:2018/07/23 08:13:39
    Title: Could not find a part of the path 'C:\ProgramData\Telerik\Hash.lic'.
    Message:    at System.IO.__Error.WinIOError(Int32 errorCode, String maybeFullPath)
   at System.IO.FileStream.Init(String path, FileMode mode, FileAccess access, Int32 rights, Boolean useRights, FileShare share, Int32 bufferSize, FileOptions options, SECURITY_ATTRIBUTES secAttrs, String msgPath, Boolean bFromProxy, Boolean useLongPath, Boolean checkHost)
   at System.IO.FileStream..ctor(String path, FileMode mode, FileAccess access, FileShare share)
   at Telerik.Licensing.Licenser.ReadHashPass()
    Time:2018/07/23 08:13:39
    Title: Could not find a part of the path 'C:\ProgramData\Telerik\Hash.lic'.
    Message:    at System.IO.__Error.WinIOError(Int32 errorCode, String maybeFullPath)
   at System.IO.FileStream.Init(String path, FileMode mode, FileAccess access, Int32 rights, Boolean useRights, FileShare share, Int32 bufferSize, FileOptions options, SECURITY_ATTRIBUTES secAttrs, String msgPath, Boolean bFromProxy, Boolean useLongPath, Boolean checkHost)
   at System.IO.FileStream..ctor(String path, FileMode mode, FileAccess access, FileShare share)
   at Telerik.Licensing.Licenser.ReadHashPass()
    Entering constructor for: Telerik.CommonPackage.Telerik_CommonPackagePackage
    Entering Initialize() of: Telerik.CommonPackage.Telerik_CommonPackagePackage
